17:35:59: Creating resource group General
17:35:59: Creating resource group Internal
17:35:59: Creating resource group Autodetect
17:35:59: SceneManagerFactory for type 'DefaultSceneManager' registered.
17:35:59: Registering ResourceManager for type Material
17:35:59: Registering ResourceManager for type Mesh
17:35:59: Registering ResourceManager for type Skeleton
17:35:59: MovableObjectFactory for type 'ParticleSystem' registered.
17:35:59: OverlayElementFactory for type Panel registered.
17:35:59: OverlayElementFactory for type BorderPanel registered.
17:35:59: OverlayElementFactory for type TextArea registered.
17:35:59: Registering ResourceManager for type Font
17:35:59: ArchiveFactory for archive type FileSystem registered.
17:35:59: ArchiveFactory for archive type Zip registered.
17:35:59: ArchiveFactory for archive type EmbeddedZip registered.
17:35:59: DDS codec registering
17:35:59: FreeImage version: 3.15.1
17:35:59: This program uses FreeImage, a free, open source image library supporting all common bitmap formats. See http://freeimage.sourceforge.net for details
17:35:59: Supported formats: bmp,ico,jpg,jif,jpeg,jpe,jng,koa,iff,lbm,mng,pbm,pbm,pcd,pcx,pgm,pgm,png,ppm,ppm,ras,tga,targa,tif,tiff,wap,wbmp,wbm,psd,cut,xbm,xpm,gif,hdr,g3,sgi,exr,j2k,j2c,jp2,pfm,pct,pict,pic,3fr,arw,bay,bmq,cap,cine,cr2,crw,cs1,dc2,dcr,drf,dsc,dng,erf,fff,ia,iiq,k25,kc2,kdc,mdc,mef,mos,mrw,nef,nrw,orf,pef,ptx,pxn,qtk,raf,raw,rdc,rw2,rwl,rwz,sr2,srf,sti
17:35:59: Registering ResourceManager for type HighLevelGpuProgram
17:35:59: Registering ResourceManager for type Compositor
17:35:59: MovableObjectFactory for type 'Entity' registered.
17:35:59: MovableObjectFactory for type 'Light' registered.
17:35:59: MovableObjectFactory for type 'BillboardSet' registered.
17:35:59: MovableObjectFactory for type 'ManualObject' registered.
17:35:59: MovableObjectFactory for type 'BillboardChain' registered.
17:35:59: MovableObjectFactory for type 'RibbonTrail' registered.
17:35:59: Loading library /usr/local/lib/OGRE/RenderSystem_GL
17:35:59: Installing plugin: GL RenderSystem
17:35:59: OpenGL Rendering Subsystem created.
17:35:59: Plugin successfully installed
17:35:59: Loading library /usr/local/lib/OGRE/Plugin_ParticleFX
17:35:59: Installing plugin: ParticleFX
17:35:59: Particle Emitter Type 'Point' registered
17:35:59: Particle Emitter Type 'Box' registered
17:35:59: Particle Emitter Type 'Ellipsoid' registered
17:35:59: Particle Emitter Type 'Cylinder' registered
17:35:59: Particle Emitter Type 'Ring' registered
17:35:59: Particle Emitter Type 'HollowEllipsoid' registered
17:35:59: Particle Affector Type 'LinearForce' registered
17:35:59: Particle Affector Type 'ColourFader' registered
17:35:59: Particle Affector Type 'ColourFader2' registered
17:35:59: Particle Affector Type 'ColourImage' registered
17:35:59: Particle Affector Type 'ColourInterpolator' registered
17:35:59: Particle Affector Type 'Scaler' registered
17:35:59: Particle Affector Type 'Rotator' registered
17:35:59: Particle Affector Type 'DirectionRandomiser' registered
17:35:59: Particle Affector Type 'DeflectorPlane' registered
17:35:59: Plugin successfully installed
17:35:59: Loading library /usr/local/lib/OGRE/Plugin_BSPSceneManager
17:35:59: Installing plugin: BSP Scene Manager
17:35:59: Plugin successfully installed
17:35:59: Loading library /usr/local/lib/OGRE/Plugin_CgProgramManager
17:35:59: Installing plugin: Cg Program Manager
17:35:59: Plugin successfully installed
17:35:59: Loading library /usr/local/lib/OGRE/Plugin_PCZSceneManager
17:35:59: Installing plugin: Portal Connected Zone Scene Manager
17:35:59: PCZone Factory Type 'ZoneType_Default' registered
17:35:59: Plugin successfully installed
17:35:59: Loading library /usr/local/lib/OGRE/Plugin_OctreeZone
17:35:59: Installing plugin: Octree Zone Factory
17:35:59: Plugin successfully installed
17:35:59: Loading library /usr/local/lib/OGRE/Plugin_OctreeSceneManager
17:35:59: Installing plugin: Octree Scene Manager
17:35:59: Plugin successfully installed
17:35:59: *-*-* OGRE Initialising
17:35:59: *-*-* Version 1.8.1 (Byatis)
17:35:59: Creating resource group Essential
17:35:59: Added resource location '../media/packs/SdkTrays.zip' of type 'Zip' to resource group 'Essential'
17:35:59: Added resource location '../media' of type 'FileSystem' to resource group 'General'
17:35:59: Added resource location '../media/materials/scripts' of type 'FileSystem' to resource group 'General'
17:35:59: Added resource location '../media/materials/textures' of type 'FileSystem' to resource group 'General'
17:35:59: Added resource location '../media/models' of type 'FileSystem' to resource group 'General'
17:42:34: CPU Identifier & Features
17:42:34: -------------------------
17:42:34:  *   CPU ID: AuthenticAMD: AMD Athlon(tm) Dual Core Processor 4850e
17:42:34:  *      SSE: yes
17:42:34:  *     SSE2: yes
17:42:34:  *     SSE3: yes
17:42:34:  *      MMX: yes
17:42:34:  *   MMXEXT: yes
17:42:34:  *    3DNOW: yes
17:42:34:  * 3DNOWEXT: yes
17:42:34:  *     CMOV: yes
17:42:34:  *      TSC: yes
17:42:34:  *      FPU: yes
17:42:34:  *      PRO: yes
17:42:34:  *       HT: no
17:42:34: -------------------------
17:42:34: ******************************
*** Starting GLX Subsystem ***
******************************
17:42:34: Registering ResourceManager for type Texture
17:42:34: GLRenderSystem::_createRenderWindow "TutorialApplication Render Window", 1024x768 windowed  miscParams: FSAA=0 displayFrequency=60 Hz gamma=No vsync=No 
17:42:34: GLXWindow::create used FBConfigID = 151
17:42:34: GL_VERSION = 2.1 Mesa 8.0.4
17:42:34: GL_VENDOR = X.Org
17:42:34: GL_RENDERER = Gallium 0.4 on AMD RS780
17:42:34: GL_EXTENSIONS = GL_ARB_multisample GL_EXT_abgr GL_EXT_bgra GL_EXT_blend_color GL_EXT_blend_minmax GL_EXT_blend_subtract GL_EXT_copy_texture GL_EXT_polygon_offset GL_EXT_subtexture GL_EXT_texture_object GL_EXT_vertex_array GL_EXT_compiled_vertex_array GL_EXT_texture GL_EXT_texture3D GL_IBM_rasterpos_clip GL_ARB_point_parameters GL_EXT_draw_range_elements GL_EXT_packed_pixels GL_EXT_point_parameters GL_EXT_rescale_normal GL_EXT_separate_specular_color GL_EXT_texture_edge_clamp GL_SGIS_generate_mipmap GL_SGIS_texture_border_clamp GL_SGIS_texture_edge_clamp GL_SGIS_texture_lod GL_ARB_framebuffer_sRGB GL_ARB_multitexture GL_EXT_framebuffer_sRGB GL_IBM_multimode_draw_arrays GL_IBM_texture_mirrored_repeat GL_ARB_texture_cube_map GL_ARB_texture_env_add GL_ARB_transpose_matrix GL_EXT_blend_func_separate GL_EXT_fog_coord GL_EXT_multi_draw_arrays GL_EXT_secondary_color GL_EXT_texture_env_add GL_EXT_texture_filter_anisotropic GL_EXT_texture_lod_bias GL_INGR_blend_func_separate GL_NV_blend_square GL_NV_light_max_exponent GL_NV_texgen_reflection GL_NV_texture_env_combine4 GL_SUN_multi_draw_arrays GL_ARB_texture_border_clamp GL_ARB_texture_compression GL_EXT_framebuffer_object GL_EXT_texture_env_combine GL_EXT_texture_env_dot3 GL_MESA_window_pos GL_NV_packed_depth_stencil GL_NV_texture_rectangle GL_ARB_depth_texture GL_ARB_occlusion_query GL_ARB_shadow GL_ARB_texture_env_combine GL_ARB_texture_env_crossbar GL_ARB_texture_env_dot3 GL_ARB_texture_mirrored_repeat GL_ARB_window_pos GL_EXT_stencil_two_side GL_EXT_texture_cube_map GL_NV_depth_clamp GL_NV_fog_distance GL_APPLE_packed_pixels GL_APPLE_vertex_array_object GL_ARB_draw_buffers GL_ARB_fragment_program GL_ARB_fragment_shader GL_ARB_shader_objects GL_ARB_vertex_program GL_ARB_vertex_shader GL_ATI_draw_buffers GL_ATI_texture_env_combine3 GL_ATI_texture_float GL_EXT_shadow_funcs GL_EXT_stencil_wrap GL_MESA_pack_invert GL_NV_primitive_restart GL_ARB_depth_clamp GL_ARB_fragment_program_shadow GL_ARB_half_float_pixel GL_ARB_occlusion_query2 GL_ARB_point_sprite GL_ARB_shading_language_100 GL_ARB_sync GL_ARB_texture_non_power_of_two GL_ARB_vertex_buffer_object GL_ATI_blend_equation_separate GL_EXT_blend_equation_separate GL_OES_read_format GL_ARB_color_buffer_float GL_ARB_pixel_buffer_object GL_ARB_texture_compression_rgtc GL_ARB_texture_float GL_ARB_texture_rectangle GL_ATI_texture_compression_3dc GL_EXT_packed_float GL_EXT_pixel_buffer_object GL_EXT_texture_compression_rgtc GL_EXT_texture_mirror_clamp GL_EXT_texture_rectangle GL_EXT_texture_sRGB GL_EXT_texture_shared_exponent GL_ARB_framebuffer_object GL_EXT_framebuffer_blit GL_EXT_framebuffer_multisample GL_EXT_packed_depth_stencil GL_ARB_vertex_array_object GL_ATI_separate_stencil GL_ATI_texture_mirror_once GL_EXT_draw_buffers2 GL_EXT_gpu_program_parameters GL_EXT_texture_array GL_EXT_texture_compression_latc GL_EXT_texture_sRGB_decode GL_EXT_timer_query GL_OES_EGL_image GL_MESA_texture_array GL_ARB_copy_buffer GL_ARB_depth_buffer_float GL_ARB_half_float_vertex GL_ARB_instanced_arrays GL_ARB_map_buffer_range GL_ARB_texture_rg GL_ARB_texture_swizzle GL_ARB_vertex_array_bgra GL_EXT_separate_shader_objects GL_EXT_texture_swizzle GL_EXT_vertex_array_bgra GL_NV_conditional_render GL_AMD_draw_buffers_blend GL_AMD_shader_stencil_export GL_ARB_ES2_compatibility GL_ARB_draw_buffers_blend GL_ARB_draw_elements_base_vertex GL_ARB_explicit_attrib_location GL_ARB_fragment_coord_conventions GL_ARB_provoking_vertex GL_ARB_sampler_objects GL_ARB_seamless_cube_map GL_ARB_shader_stencil_export GL_ARB_shader_texture_lod GL_ARB_texture_rgb10_a2ui GL_ARB_vertex_type_2_10_10_10_rev GL_EXT_provoking_vertex GL_EXT_texture_snorm GL_MESA_texture_signed_rgba GL_NV_texture_barrier GL_ARB_robustness GL_ARB_texture_storage 
17:42:34: Supported GLX extensions: GLX_ARB_get_proc_address GLX_ARB_multisample GLX_EXT_import_context GLX_EXT_visual_info GLX_EXT_visual_rating GLX_MESA_copy_sub_buffer GLX_MESA_multithread_makecurrent GLX_MESA_swap_control GLX_OML_swap_method GLX_OML_sync_control GLX_SGI_make_current_read GLX_SGI_swap_control GLX_SGI_video_sync GLX_SGIS_multisample GLX_SGIX_fbconfig GLX_SGIX_pbuffer GLX_SGIX_visual_select_group GLX_EXT_texture_from_pixmap 
17:42:34: ***************************
17:42:34: *** GL Renderer Started ***
17:42:34: ***************************
17:42:34: Registering ResourceManager for type GpuProgram
17:42:34: GLSL support detected
17:42:34: GL: Using GL_EXT_framebuffer_object for rendering to textures (best)
17:42:34: FBO PF_UNKNOWN depth/stencil support: D0S1 D0S4 D0S8 D0S16 D16S0 D24S0 D32S0 Packed-D24S8 
17:42:34: FBO PF_L8 depth/stencil support: D0S0 D0S1 D0S4 D0S8 D0S16 D16S0 D24S0 D32S0 Packed-D24S8 
17:42:34: FBO PF_A8 depth/stencil support: D0S0 D0S1 D0S4 D0S8 D0S16 D16S0 D24S0 D32S0 Packed-D24S8 
17:42:34: FBO PF_A4L4 depth/stencil support: D0S0 D0S1 D0S4 D0S8 D0S16 D16S0 D24S0 D32S0 Packed-D24S8 
17:42:34: FBO PF_BYTE_LA depth/stencil support: D0S0 D0S1 D0S4 D0S8 D0S16 D16S0 D24S0 D32S0 Packed-D24S8 
17:42:34: FBO PF_R5G6B5 depth/stencil support: D0S0 D0S1 D0S4 D0S8 D0S16 D16S0 D24S0 D32S0 Packed-D24S8 
17:42:34: FBO PF_B5G6R5 depth/stencil support: D0S0 D0S1 D0S4 D0S8 D0S16 D16S0 D24S0 D32S0 Packed-D24S8 
17:42:34: FBO PF_A4R4G4B4 depth/stencil support: D0S0 D0S1 D0S4 D0S8 D0S16 D16S0 D24S0 D32S0 Packed-D24S8 
17:42:34: FBO PF_A1R5G5B5 depth/stencil support: D0S0 D0S1 D0S4 D0S8 D0S16 D16S0 D24S0 D32S0 Packed-D24S8 
17:42:34: FBO PF_R8G8B8 depth/stencil support: D0S0 D0S1 D0S4 D0S8 D0S16 D16S0 D24S0 D32S0 Packed-D24S8 
17:42:34: FBO PF_B8G8R8 depth/stencil support: D0S0 D0S1 D0S4 D0S8 D0S16 D16S0 D24S0 D32S0 Packed-D24S8 
17:42:34: FBO PF_A8R8G8B8 depth/stencil support: D0S0 D0S1 D0S4 D0S8 D0S16 D16S0 D24S0 D32S0 Packed-D24S8 
17:42:34: FBO PF_B8G8R8A8 depth/stencil support: D0S0 D0S1 D0S4 D0S8 D0S16 D16S0 D24S0 D32S0 Packed-D24S8 
17:42:34: FBO PF_A2R10G10B10 depth/stencil support: D0S0 D0S1 D0S4 D0S8 D0S16 D16S0 D24S0 D32S0 Packed-D24S8 
17:42:34: FBO PF_A2B10G10R10 depth/stencil support: D0S0 D0S1 D0S4 D0S8 D0S16 D16S0 D24S0 D32S0 Packed-D24S8 
17:42:34: FBO PF_FLOAT16_RGB depth/stencil support: D0S0 D0S1 D0S4 D0S8 D0S16 D16S0 D24S0 D32S0 Packed-D24S8 
17:42:34: FBO PF_FLOAT16_RGBA depth/stencil support: D0S0 D0S1 D0S4 D0S8 D0S16 D16S0 D24S0 D32S0 Packed-D24S8 
17:42:34: FBO PF_FLOAT32_RGB depth/stencil support: D0S0 D0S1 D0S4 D0S8 D0S16 D16S0 D24S0 D32S0 Packed-D24S8 
17:42:34: FBO PF_FLOAT32_RGBA depth/stencil support: D0S0 D0S1 D0S4 D0S8 D0S16 D16S0 D24S0 D32S0 Packed-D24S8 
17:42:34: FBO PF_X8R8G8B8 depth/stencil support: D0S0 D0S1 D0S4 D0S8 D0S16 D16S0 D24S0 D32S0 Packed-D24S8 
17:42:34: FBO PF_X8B8G8R8 depth/stencil support: D0S0 D0S1 D0S4 D0S8 D0S16 D16S0 D24S0 D32S0 Packed-D24S8 
17:42:34: FBO PF_SHORT_RGBA depth/stencil support: D0S0 D0S1 D0S4 D0S8 D0S16 D16S0 D24S0 D32S0 Packed-D24S8 
17:42:34: FBO PF_R3G3B2 depth/stencil support: D0S0 D0S1 D0S4 D0S8 D0S16 D16S0 D24S0 D32S0 Packed-D24S8 
17:42:34: FBO PF_SHORT_RGB depth/stencil support: D0S0 D0S1 D0S4 D0S8 D0S16 D16S0 D24S0 D32S0 Packed-D24S8 
17:42:34: [GL] : Valid FBO targets PF_UNKNOWN PF_L8 PF_A8 PF_A4L4 PF_BYTE_LA PF_R5G6B5 PF_B5G6R5 PF_A4R4G4B4 PF_A1R5G5B5 PF_R8G8B8 PF_B8G8R8 PF_A8R8G8B8 PF_B8G8R8A8 PF_A2R10G10B10 PF_A2B10G10R10 PF_FLOAT16_RGB PF_FLOAT16_RGBA PF_FLOAT32_RGB PF_FLOAT32_RGBA PF_X8R8G8B8 PF_X8B8G8R8 PF_SHORT_RGBA PF_R3G3B2 PF_SHORT_RGB 
17:42:34: RenderSystem capabilities
17:42:34: -------------------------
17:42:34: RenderSystem Name: OpenGL Rendering Subsystem
17:42:34: GPU Vendor: unknown
17:42:34: Device Name: Gallium 0.4 on AMD RS780
17:42:34: Driver Version: 2.1.0.0
17:42:34:  * Fixed function pipeline: yes
17:42:34:  * Hardware generation of mipmaps: yes
17:42:34:  * Texture blending: yes
17:42:34:  * Anisotropic texture filtering: yes
17:42:34:  * Dot product texture operation: yes
17:42:34:  * Cube mapping: yes
17:42:34:  * Hardware stencil buffer: yes
17:42:34:    - Stencil depth: 8
17:42:34:    - Two sided stencil support: yes
17:42:34:    - Wrap stencil values: yes
17:42:34:  * Hardware vertex / index buffers: yes
17:42:34:  * Vertex programs: yes
17:42:34:  * Number of floating-point constants for vertex programs: 4096
17:42:34:  * Number of integer constants for vertex programs: 0
17:42:34:  * Number of boolean constants for vertex programs: 0
17:42:34:  * Fragment programs: yes
17:42:34:  * Number of floating-point constants for fragment programs: 4096
17:42:34:  * Number of integer constants for fragment programs: 0
17:42:34:  * Number of boolean constants for fragment programs: 0
17:42:34:  * Geometry programs: no
17:42:34:  * Number of floating-point constants for geometry programs: 0
17:42:34:  * Number of integer constants for geometry programs: 0
17:42:34:  * Number of boolean constants for geometry programs: 0
17:42:34:  * Supported Shader Profiles: arbfp1 arbvp1 glsl
17:42:34:  * Texture Compression: yes
17:42:34:    - DXT: no
17:42:34:    - VTC: no
17:42:34:    - PVRTC: no
17:42:34:  * Scissor Rectangle: yes
17:42:34:  * Hardware Occlusion Query: yes
17:42:34:  * User clip planes: yes
17:42:34:  * VET_UBYTE4 vertex element type: yes
17:42:34:  * Infinite far plane projection: yes
17:42:34:  * Hardware render-to-texture: yes
17:42:34:  * Floating point textures: yes
17:42:34:  * Non-power-of-two textures: yes
17:42:34:  * Volume textures: yes
17:42:34:  * Multiple Render Targets: 8
17:42:34:    - With different bit depths: yes
17:42:34:  * Point Sprites: yes
17:42:34:  * Extended point parameters: yes
17:42:34:  * Max Point Size: 8192
17:42:34:  * Vertex texture fetch: yes
17:42:34:  * Number of world matrices: 0
17:42:34:  * Number of texture units: 16
17:42:34:  * Stencil buffer depth: 8
17:42:34:  * Number of vertex blend matrices: 0
17:42:34:    - Max vertex textures: 16
17:42:34:    - Vertex textures shared: yes
17:42:34:  * Render to Vertex Buffer : no
17:42:34:  * GL 1.5 without VBO workaround: no
17:42:34:  * Frame Buffer objects: yes
17:42:34:  * Frame Buffer objects (ARB extension): no
17:42:34:  * Frame Buffer objects (ATI extension): no
17:42:34:  * PBuffer support: yes
17:42:34:  * GL 1.5 without HW-occlusion workaround: no
17:42:34:  * Separate shader objects: no
17:42:34: DefaultWorkQueue('Root') initialising on thread 0x7196b0.
17:42:34: DefaultWorkQueue('Root')::WorkerFunc - thread 0x784390 starting.
17:42:34: DefaultWorkQueue('Root')::WorkerFunc - thread 0x9f0f20 starting.
17:42:34: Particle Renderer Type 'billboard' registered
17:42:34: SceneManagerFactory for type 'BspSceneManager' registered.
17:42:34: Registering ResourceManager for type BspLevel
17:42:34: SceneManagerFactory for type 'PCZSceneManager' registered.
17:42:34: MovableObjectFactory for type 'PCZLight' registered.
17:42:34: MovableObjectFactory for type 'Portal' registered.
17:42:34: MovableObjectFactory for type 'AntiPortal' registered.
17:42:34: PCZone Factory Type 'ZoneType_Octree' registered
17:42:34: SceneManagerFactory for type 'OctreeSceneManager' registered.
17:42:34: Parsing scripts for resource group Autodetect
17:42:34: Finished parsing scripts for resource group Autodetect
17:42:34: Creating resources for group Autodetect
17:42:34: All done
17:42:34: Parsing scripts for resource group Essential
17:42:34: Parsing script SdkTrays.material
17:42:34: Parsing script SdkTrays.fontdef
17:42:34: Parsing script SdkTrays.overlay
17:42:34: Bad element attribute line: '# you can offset the image to change the cursor "hotspot"' for element SdkTrays/Cursor in overlay 
17:42:34: Texture: sdk_cursor.png: Loading 1 faces(PF_A8R8G8B8,32x32x1) with 5 hardware generated mipmaps from Image. Internal format is PF_A8R8G8B8,32x32x1.
17:42:34: Texture: sdk_tray.png: Loading 1 faces(PF_A8R8G8B8,64x64x1) with 5 hardware generated mipmaps from Image. Internal format is PF_A8R8G8B8,64x64x1.
17:42:34: Texture: sdk_button_up.png: Loading 1 faces(PF_A8R8G8B8,128x32x1) with 5 hardware generated mipmaps from Image. Internal format is PF_A8R8G8B8,128x32x1.
17:42:34: Texture: sdk_text_box.png: Loading 1 faces(PF_A8R8G8B8,32x32x1) with 5 hardware generated mipmaps from Image. Internal format is PF_A8R8G8B8,32x32x1.
17:42:34: Texture: sdk_mini_tray.png: Loading 1 faces(PF_A8R8G8B8,32x32x1) with 5 hardware generated mipmaps from Image. Internal format is PF_A8R8G8B8,32x32x1.
17:42:34: Texture: sdk_track.png: Loading 1 faces(PF_A8R8G8B8,16x32x1) with 5 hardware generated mipmaps from Image. Internal format is PF_A8R8G8B8,16x32x1.
17:42:34: Texture: sdk_handle.png: Loading 1 faces(PF_A8R8G8B8,16x16x1) with 4 hardware generated mipmaps from Image. Internal format is PF_A8R8G8B8,16x16x1.
17:42:34: Texture: sdk_mini_text_box.png: Loading 1 faces(PF_A8R8G8B8,32x32x1) with 5 hardware generated mipmaps from Image. Internal format is PF_A8R8G8B8,32x32x1.
17:42:34: Texture: sdk_label.png: Loading 1 faces(PF_A8R8G8B8,32x32x1) with 5 hardware generated mipmaps from Image. Internal format is PF_A8R8G8B8,32x32x1.
17:42:34: Texture: sdk_separator.png: Loading 1 faces(PF_A8R8G8B8,64x16x1) with 5 hardware generated mipmaps from Image. Internal format is PF_A8R8G8B8,64x16x1.
17:42:34: Texture: sdk_logo.png: Loading 1 faces(PF_A8R8G8B8,128x64x1) with 5 hardware generated mipmaps from Image. Internal format is PF_A8R8G8B8,128x64x1.
17:42:34: Texture: sdk_shade.png: Loading 1 faces(PF_A8R8G8B8,64x48x1) with 5 hardware generated mipmaps from Image. Internal format is PF_A8R8G8B8,64x48x1.
17:42:34: Texture: sdk_frame.png: Loading 1 faces(PF_A8R8G8B8,32x32x1) with 5 hardware generated mipmaps from Image. Internal format is PF_A8R8G8B8,32x32x1.
17:42:34: Texture: sdk_mini_text_box_over.png: Loading 1 faces(PF_A8R8G8B8,32x32x1) with 5 hardware generated mipmaps from Image. Internal format is PF_A8R8G8B8,32x32x1.
17:42:34: Texture: sdk_pulse.png: Loading 1 faces(PF_R8G8B8,8x1x1) with 3 hardware generated mipmaps from Image. Internal format is PF_X8R8G8B8,8x1x1.
17:42:34: Finished parsing scripts for resource group Essential
17:42:34: Creating resources for group Essential
17:42:34: All done
17:42:34: Parsing scripts for resource group General
17:42:34: Parsing script Ogre.material
17:42:34: Finished parsing scripts for resource group General
17:42:34: Creating resources for group General
17:42:34: All done
17:42:34: Parsing scripts for resource group Internal
17:42:34: Finished parsing scripts for resource group Internal
17:42:34: Creating resources for group Internal
17:42:34: All done
17:42:34: Mesh: Loading ogrehead.mesh.
17:42:34: WARNING: ogrehead.mesh is an older format ([MeshSerializer_v1.41]); you should upgrade it as soon as possible using the OgreMeshUpgrade tool.
17:42:34: Texture: GreenSkin.jpg: Loading 1 faces(PF_R8G8B8,256x256x1) with 5 hardware generated mipmaps from Image. Internal format is PF_X8R8G8B8,256x256x1.
17:42:34: Texture: spheremap.png: Loading 1 faces(PF_R8G8B8,256x256x1) with 5 hardware generated mipmaps from Image. Internal format is PF_X8R8G8B8,256x256x1.
17:42:34: Texture: tusk.jpg: Loading 1 faces(PF_R8G8B8,96x96x1) with 5 hardware generated mipmaps from Image. Internal format is PF_X8R8G8B8,96x96x1.
17:42:34: *** Initializing OIS ***
17:42:34: Font SdkTrays/Caption using texture size 512x256
17:42:34: Info: Freetype returned null for character 160 in font SdkTrays/Caption
17:42:34: Texture: SdkTrays/CaptionTexture: Loading 1 faces(PF_BYTE_LA,512x256x1) Internal format is PF_BYTE_LA,512x256x1.
17:42:34: Font SdkTrays/Value using texture size 512x256
17:42:34: Info: Freetype returned null for character 127 in font SdkTrays/Value
17:42:34: Info: Freetype returned null for character 128 in font SdkTrays/Value
17:42:34: Info: Freetype returned null for character 129 in font SdkTrays/Value
17:42:34: Info: Freetype returned null for character 130 in font SdkTrays/Value
17:42:34: Info: Freetype returned null for character 131 in font SdkTrays/Value
17:42:34: Info: Freetype returned null for character 132 in font SdkTrays/Value
17:42:34: Info: Freetype returned null for character 133 in font SdkTrays/Value
17:42:34: Info: Freetype returned null for character 134 in font SdkTrays/Value
17:42:34: Info: Freetype returned null for character 135 in font SdkTrays/Value
17:42:34: Info: Freetype returned null for character 136 in font SdkTrays/Value
17:42:34: Info: Freetype returned null for character 137 in font SdkTrays/Value
17:42:34: Info: Freetype returned null for character 138 in font SdkTrays/Value
17:42:34: Info: Freetype returned null for character 139 in font SdkTrays/Value
17:42:34: Info: Freetype returned null for character 140 in font SdkTrays/Value
17:42:34: Info: Freetype returned null for character 141 in font SdkTrays/Value
17:42:34: Info: Freetype returned null for character 142 in font SdkTrays/Value
17:42:34: Info: Freetype returned null for character 143 in font SdkTrays/Value
17:42:34: Info: Freetype returned null for character 144 in font SdkTrays/Value
17:42:34: Info: Freetype returned null for character 145 in font SdkTrays/Value
17:42:34: Info: Freetype returned null for character 146 in font SdkTrays/Value
17:42:34: Info: Freetype returned null for character 147 in font SdkTrays/Value
17:42:34: Info: Freetype returned null for character 148 in font SdkTrays/Value
17:42:34: Info: Freetype returned null for character 149 in font SdkTrays/Value
17:42:34: Info: Freetype returned null for character 150 in font SdkTrays/Value
17:42:34: Info: Freetype returned null for character 151 in font SdkTrays/Value
17:42:34: Info: Freetype returned null for character 152 in font SdkTrays/Value
17:42:34: Info: Freetype returned null for character 153 in font SdkTrays/Value
17:42:34: Info: Freetype returned null for character 154 in font SdkTrays/Value
17:42:34: Info: Freetype returned null for character 155 in font SdkTrays/Value
17:42:34: Info: Freetype returned null for character 156 in font SdkTrays/Value
17:42:34: Info: Freetype returned null for character 157 in font SdkTrays/Value
17:42:34: Info: Freetype returned null for character 158 in font SdkTrays/Value
17:42:34: Info: Freetype returned null for character 159 in font SdkTrays/Value
17:42:34: Info: Freetype returned null for character 160 in font SdkTrays/Value
17:42:34: Texture: SdkTrays/ValueTexture: Loading 1 faces(PF_BYTE_LA,512x256x1) Internal format is PF_BYTE_LA,512x256x1.
17:42:53: DefaultWorkQueue('Root') shutting down on thread 0x7196b0.
17:42:53: DefaultWorkQueue('Root')::WorkerFunc - thread 0x9f0f20 stopped.
17:42:53: DefaultWorkQueue('Root')::WorkerFunc - thread 0x784390 stopped.
17:42:53: PCZone Factory Type 'ZoneType_Octree' unregistered
17:42:53: Unregistering ResourceManager for type BspLevel
17:42:53: *-*-* OGRE Shutdown
17:42:53: Unregistering ResourceManager for type Compositor
17:42:53: Unregistering ResourceManager for type Font
17:42:53: Unregistering ResourceManager for type Skeleton
17:42:53: Unregistering ResourceManager for type Mesh
17:42:53: Unregistering ResourceManager for type HighLevelGpuProgram
17:42:53: Uninstalling plugin: Octree Scene Manager
17:42:53: Plugin successfully uninstalled
17:42:53: Unloading library /usr/local/lib/OGRE/Plugin_OctreeSceneManager
17:42:53: Uninstalling plugin: Octree Zone Factory
17:42:53: Plugin successfully uninstalled
17:42:53: Unloading library /usr/local/lib/OGRE/Plugin_OctreeZone
17:42:53: Uninstalling plugin: Portal Connected Zone Scene Manager
17:42:53: Plugin successfully uninstalled
17:42:53: Unloading library /usr/local/lib/OGRE/Plugin_PCZSceneManager
17:42:53: Uninstalling plugin: Cg Program Manager
17:42:53: Plugin successfully uninstalled
17:42:53: Unloading library /usr/local/lib/OGRE/Plugin_CgProgramManager
17:42:53: Uninstalling plugin: BSP Scene Manager
17:42:53: Plugin successfully uninstalled
17:42:53: Unloading library /usr/local/lib/OGRE/Plugin_BSPSceneManager
17:42:53: Uninstalling plugin: ParticleFX
17:42:53: Plugin successfully uninstalled
17:42:53: Unloading library /usr/local/lib/OGRE/Plugin_ParticleFX
17:42:53: Uninstalling plugin: GL RenderSystem
17:42:53: Unregistering ResourceManager for type GpuProgram
17:42:53: ******************************
*** Stopping GLX Subsystem ***
******************************
17:42:53: Unregistering ResourceManager for type Texture
17:42:53: Plugin successfully uninstalled
17:42:53: Unloading library /usr/local/lib/OGRE/RenderSystem_GL
17:42:53: Unregistering ResourceManager for type Material
